<?xml version="1.0" encoding="UTF-8"?>
<!-- Generated by org.testng.reporters.JUnitXMLReporter -->
<testsuite ignored="0" hostname="Srikanths-MacBook-Air.local" failures="0" tests="5" name="Login" time="28.15" errors="0" timestamp="2024-01-09T22:17:11 GMT-05:00">
  <testcase classname="com.saleforceaccount.Tests.LoginandAccountTest" name="@BeforeMethod beforemethod" time="27.728">
    <failure type="org.openqa.selenium.SessionNotCreatedException" message="session not created: This version of ChromeDriver only supports Chrome version 114
Current browser version is 120.0.6099.199 with binary path /Applications/Google Chrome.app/Contents/MacOS/Google Chrome
Build info: version: &amp;apos;3.141.59&amp;apos;, revision: &amp;apos;e82be7d358&amp;apos;, time: &amp;apos;2018-11-14T08:17:03&amp;apos;
System info: host: &amp;apos;Srikanths-MacBook-Air.local&amp;apos;, ip: &amp;apos;fe80:0:0:0:1c5e:85de:fcb9:74f0%en0&amp;apos;, os.name: &amp;apos;Mac OS X&amp;apos;, os.arch: &amp;apos;x86_64&amp;apos;, os.version: &amp;apos;11.3&amp;apos;, java.version: &amp;apos;17.0.1&amp;apos;
Driver info: driver.version: ChromeDriver
remote stacktrace: 0   chromedriver                        0x0000000100e296b8 chromedriver + 4937400
1   chromedriver                        0x0000000100e20b73 chromedriver + 4901747
2   chromedriver                        0x00000001009de616 chromedriver + 435734
3   chromedriver                        0x0000000100a10d10 chromedriver + 642320
4   chromedriver                        0x0000000100a0c18a chromedriver + 622986
5   chromedriver                        0x0000000100a0867c chromedriver + 607868
6   chromedriver                        0x0000000100a4fa08 chromedriver + 899592
7   chromedriver                        0x0000000100a4eebf chromedriver + 896703
8   chromedriver                        0x0000000100a45de3 chromedriver + 859619
9   chromedriver                        0x0000000100a13d7f chromedriver + 654719
10  chromedriver                        0x0000000100a150de chromedriver + 659678
11  chromedriver                        0x0000000100de52ad chromedriver + 4657837
12  chromedriver                        0x0000000100dea130 chromedriver + 4677936
13  chromedriver                        0x0000000100df0def chromedriver + 4705775
14  chromedriver                        0x0000000100deb05a chromedriver + 4681818
15  chromedriver                        0x0000000100dbd92c chromedriver + 4495660
16  chromedriver                        0x0000000100e08838 chromedriver + 4802616
17  chromedriver                        0x0000000100e089b7 chromedriver + 4802999
18  chromedriver                        0x0000000100e1999f chromedriver + 4872607
19  libsystem_pthread.dylib             0x00007ff81050f1d3 _pthread_start + 125
20  libsystem_pthread.dylib             0x00007ff81050abd3 thread_start + 15
">
      <![CDATA[org.openqa.selenium.SessionNotCreatedException: session not created: This version of ChromeDriver only supports Chrome version 114
Current browser version is 120.0.6099.199 with binary path /Applications/Google Chrome.app/Contents/MacOS/Google Chrome
Build info: version: '3.141.59', revision: 'e82be7d358', time: '2018-11-14T08:17:03'
System info: host: 'Srikanths-MacBook-Air.local', ip: 'fe80:0:0:0:1c5e:85de:fcb9:74f0%en0', os.name: 'Mac OS X', os.arch: 'x86_64', os.version: '11.3', java.version: '17.0.1'
Driver info: driver.version: ChromeDriver
remote stacktrace: 0   chromedriver                        0x0000000100e296b8 chromedriver + 4937400
1   chromedriver                        0x0000000100e20b73 chromedriver + 4901747
2   chromedriver                        0x00000001009de616 chromedriver + 435734
3   chromedriver                        0x0000000100a10d10 chromedriver + 642320
4   chromedriver                        0x0000000100a0c18a chromedriver + 622986
5   chromedriver                        0x0000000100a0867c chromedriver + 607868
6   chromedriver                        0x0000000100a4fa08 chromedriver + 899592
7   chromedriver                        0x0000000100a4eebf chromedriver + 896703
8   chromedriver                        0x0000000100a45de3 chromedriver + 859619
9   chromedriver                        0x0000000100a13d7f chromedriver + 654719
10  chromedriver                        0x0000000100a150de chromedriver + 659678
11  chromedriver                        0x0000000100de52ad chromedriver + 4657837
12  chromedriver                        0x0000000100dea130 chromedriver + 4677936
13  chromedriver                        0x0000000100df0def chromedriver + 4705775
14  chromedriver                        0x0000000100deb05a chromedriver + 4681818
15  chromedriver                        0x0000000100dbd92c chromedriver + 4495660
16  chromedriver                        0x0000000100e08838 chromedriver + 4802616
17  chromedriver                        0x0000000100e089b7 chromedriver + 4802999
18  chromedriver                        0x0000000100e1999f chromedriver + 4872607
19  libsystem_pthread.dylib             0x00007ff81050f1d3 _pthread_start + 125
20  libsystem_pthread.dylib             0x00007ff81050abd3 thread_start + 15

at org.openqa.selenium.remote.W3CHandshakeResponse.lambda$errorHandler$0(W3CHandshakeResponse.java:62)
at org.openqa.selenium.remote.HandshakeResponse.lambda$getResponseFunction$0(HandshakeResponse.java:30)
at org.openqa.selenium.remote.ProtocolHandshake.lambda$createSession$0(ProtocolHandshake.java:126)
at java.base/java.util.stream.ReferencePipeline$3$1.accept(ReferencePipeline.java:197)
at java.base/java.util.Spliterators$ArraySpliterator.tryAdvance(Spliterators.java:1002)
at java.base/java.util.stream.ReferencePipeline.forEachWithCancel(ReferencePipeline.java:129)
at java.base/java.util.stream.AbstractPipeline.copyIntoWithCancel(AbstractPipeline.java:527)
at java.base/java.util.stream.AbstractPipeline.copyInto(AbstractPipeline.java:513)
at java.base/java.util.stream.AbstractPipeline.wrapAndCopyInto(AbstractPipeline.java:499)
at java.base/java.util.stream.FindOps$FindOp.evaluateSequential(FindOps.java:150)
at java.base/java.util.stream.AbstractPipeline.evaluate(AbstractPipeline.java:234)
at java.base/java.util.stream.ReferencePipeline.findFirst(ReferencePipeline.java:647)
at org.openqa.selenium.remote.ProtocolHandshake.createSession(ProtocolHandshake.java:128)
at org.openqa.selenium.remote.ProtocolHandshake.createSession(ProtocolHandshake.java:74)
at org.openqa.selenium.remote.HttpCommandExecutor.execute(HttpCommandExecutor.java:136)
at org.openqa.selenium.remote.service.DriverCommandExecutor.execute(DriverCommandExecutor.java:83)
at org.openqa.selenium.remote.RemoteWebDriver.execute(RemoteWebDriver.java:552)
at org.openqa.selenium.remote.RemoteWebDriver.startSession(RemoteWebDriver.java:213)
at org.openqa.selenium.remote.RemoteWebDriver.<init>(RemoteWebDriver.java:131)
at org.openqa.selenium.chrome.ChromeDriver.<init>(ChromeDriver.java:181)
at org.openqa.selenium.chrome.ChromeDriver.<init>(ChromeDriver.java:168)
at org.openqa.selenium.chrome.ChromeDriver.<init>(ChromeDriver.java:123)
at com.saleforceaccount.basetest.BaseTest.getDriver(BaseTest.java:23)
at com.saleforceaccount.Tests.LoginandAccountTest.beforemethod(LoginandAccountTest.java:34)
at java.base/java.util.ArrayList.forEach(ArrayList.java:1511)
... Removed 36 stack frames]]>
    </failure>
  </testcase> <!-- @BeforeMethod beforemethod -->
  <testcase classname="com.saleforceaccount.Tests.LoginandAccountTest" name="@AfterMethod tearDown" time="0.0">
    <skipped/>
  </testcase> <!-- @AfterMethod tearDown -->
  <testcase classname="com.saleforceaccount.Tests.LoginandAccountTest" name="@BeforeMethod beforemethod" time="0.0">
    <skipped/>
  </testcase> <!-- @BeforeMethod beforemethod -->
  <testcase classname="com.saleforceaccount.Tests.LoginandAccountTest" name="@AfterMethod tearDown" time="0.0">
    <skipped/>
  </testcase> <!-- @AfterMethod tearDown -->
  <testcase classname="com.saleforceaccount.Tests.LoginandAccountTest" name="@BeforeMethod beforemethod" time="0.0">
    <skipped/>
  </testcase> <!-- @BeforeMethod beforemethod -->
  <testcase classname="com.saleforceaccount.Tests.LoginandAccountTest" name="@AfterMethod tearDown" time="0.0">
    <skipped/>
  </testcase> <!-- @AfterMethod tearDown -->
  <testcase classname="com.saleforceaccount.Tests.LoginandAccountTest" name="@BeforeMethod beforemethod" time="0.0">
    <skipped/>
  </testcase> <!-- @BeforeMethod beforemethod -->
  <testcase classname="com.saleforceaccount.Tests.LoginandAccountTest" name="@AfterMethod tearDown" time="0.0">
    <skipped/>
  </testcase> <!-- @AfterMethod tearDown -->
  <testcase classname="com.saleforceaccount.Tests.LoginandAccountTest" name="@BeforeMethod beforemethod" time="0.0">
    <skipped/>
  </testcase> <!-- @BeforeMethod beforemethod -->
  <testcase classname="com.saleforceaccount.Tests.LoginandAccountTest" name="@AfterMethod tearDown" time="0.0">
    <skipped/>
  </testcase> <!-- @AfterMethod tearDown -->
  <testcase classname="com.saleforceaccount.Tests.LoginandAccountTest" name="TC10" time="0.001">
    <skipped/>
  </testcase> <!-- TC10 -->
  <testcase classname="com.saleforceaccount.Tests.LoginandAccountTest" name="TC11" time="0.0">
    <skipped/>
  </testcase> <!-- TC11 -->
  <testcase classname="com.saleforceaccount.Tests.LoginandAccountTest" name="TC12" time="0.0">
    <skipped/>
  </testcase> <!-- TC12 -->
  <testcase classname="com.saleforceaccount.Tests.LoginandAccountTest" name="TC13" time="0.0">
    <skipped/>
  </testcase> <!-- TC13 -->
  <testcase classname="com.saleforceaccount.Tests.LoginandAccountTest" name="TC14" time="0.0">
    <skipped/>
  </testcase> <!-- TC14 -->
</testsuite> <!-- Login -->
